2021-07-13 13:49:44.049  INFO 10292 --- [main] c.example.covidapp.CovidAppApplication   : Starting CovidAppApplication using Java 16.0.1 on Govinds-MacBook-Pro.local with PID 10292 (/Users/govindsinghal/Desktop/CovidApp-main/target/classes started by govindsinghal in /Users/govindsinghal/Desktop/CovidApp-main)
2021-07-13 13:49:44.062  INFO 10292 --- [main] c.example.covidapp.CovidAppApplication   : No active profile set, falling back to default profiles: default
2021-07-13 13:49:48.322  INFO 10292 --- [main] .s.d.r.c.RepositoryConfigurationDelegate : Bootstrapping Spring Data JPA repositories in DEFAULT mode.
2021-07-13 13:49:48.933  INFO 10292 --- [main] .s.d.r.c.RepositoryConfigurationDelegate : Finished Spring Data repository scanning in 574 ms. Found 14 JPA repository interfaces.
2021-07-13 13:49:51.962  INFO 10292 --- [main] o.s.b.w.embedded.tomcat.TomcatWebServer  : Tomcat initialized with port(s): 9091 (http)
2021-07-13 13:49:52.010  INFO 10292 --- [main] o.apache.catalina.core.StandardService   : Starting service [Tomcat]
2021-07-13 13:49:52.011  INFO 10292 --- [main] org.apache.catalina.core.StandardEngine  : Starting Servlet engine: [Apache Tomcat/9.0.46]
2021-07-13 13:49:52.494  INFO 10292 --- [main] o.a.c.c.C.[Tomcat].[localhost].[/]       : Initializing Spring embedded WebApplicationContext
2021-07-13 13:49:52.498  INFO 10292 --- [main] w.s.c.ServletWebServerApplicationContext : Root WebApplicationContext: initialization completed in 7942 ms
2021-07-13 13:49:53.074  INFO 10292 --- [main] com.zaxxer.hikari.HikariDataSource       : HikariPool-1 - Starting...
2021-07-13 13:49:54.104  INFO 10292 --- [main] com.zaxxer.hikari.HikariDataSource       : HikariPool-1 - Start completed.
2021-07-13 13:49:55.108  INFO 10292 --- [main] o.hibernate.jpa.internal.util.LogHelper  : HHH000204: Processing PersistenceUnitInfo [name: default]
2021-07-13 13:49:55.500  INFO 10292 --- [main] org.hibernate.Version                    : HHH000412: Hibernate ORM core version 5.4.32.Final
2021-07-13 13:49:56.041  INFO 10292 --- [main] o.hibernate.annotations.common.Version   : HCANN000001: Hibernate Commons Annotations {5.1.2.Final}
2021-07-13 13:49:56.301  INFO 10292 --- [main] org.hibernate.dialect.Dialect            : HHH000400: Using dialect: org.hibernate.dialect.PostgreSQL10Dialect
2021-07-13 13:50:00.414  INFO 10292 --- [main] o.h.e.t.j.p.i.JtaPlatformInitiator       : HHH000490: Using JtaPlatform implementation: [org.hibernate.engine.transaction.jta.platform.internal.NoJtaPlatform]
2021-07-13 13:50:00.447  INFO 10292 --- [main] j.LocalContainerEntityManagerFactoryBean : Initialized JPA EntityManagerFactory for persistence unit 'default'
2021-07-13 13:50:02.802  INFO 10292 --- [main] c.e.covidapp.kafka2.VaccineNameKafka     : Vaccine name created -> VaccineName(id=121, vaccineName=Covishield)
2021-07-13 13:50:02.871  INFO 10292 --- [main] o.a.k.clients.producer.ProducerConfig    : ProducerConfig values: 
	acks = 1
	batch.size = 16384
	bootstrap.servers = [localhost:9092]
	buffer.memory = 33554432
	client.dns.lookup = use_all_dns_ips
	client.id = Covid_1991-1
	compression.type = none
	connections.max.idle.ms = 540000
	delivery.timeout.ms = 120000
	enable.idempotence = false
	interceptor.classes = []
	internal.auto.downgrade.txn.commit = true
	key.serializer = class org.apache.kafka.common.serialization.StringSerializer
	linger.ms = 0
	max.block.ms = 60000
	max.in.flight.requests.per.connection = 5
	max.request.size = 1048576
	metadata.max.age.ms = 300000
	metadata.max.idle.ms = 300000
	metric.reporters = []
	metrics.num.samples = 2
	metrics.recording.level = INFO
	metrics.sample.window.ms = 30000
	partitioner.class = class org.apache.kafka.clients.producer.internals.DefaultPartitioner
	receive.buffer.bytes = 32768
	reconnect.backoff.max.ms = 1000
	reconnect.backoff.ms = 50
	request.timeout.ms = 30000
	retries = 2147483647
	retry.backoff.ms = 100
	sasl.client.callback.handler.class = null
	sasl.jaas.config = null
	sasl.kerberos.kinit.cmd = /usr/bin/kinit
	sasl.kerberos.min.time.before.relogin = 60000
	sasl.kerberos.service.name = null
	sasl.kerberos.ticket.renew.jitter = 0.05
	sasl.kerberos.ticket.renew.window.factor = 0.8
	sasl.login.callback.handler.class = null
	sasl.login.class = null
	sasl.login.refresh.buffer.seconds = 300
	sasl.login.refresh.min.period.seconds = 60
	sasl.login.refresh.window.factor = 0.8
	sasl.login.refresh.window.jitter = 0.05
	sasl.mechanism = GSSAPI
	security.protocol = PLAINTEXT
	security.providers = null
	send.buffer.bytes = 131072
	socket.connection.setup.timeout.max.ms = 127000
	socket.connection.setup.timeout.ms = 10000
	ssl.cipher.suites = null
	ssl.enabled.protocols = [TLSv1.2, TLSv1.3]
	ssl.endpoint.identification.algorithm = https
	ssl.engine.factory.class = null
	ssl.key.password = null
	ssl.keymanager.algorithm = SunX509
	ssl.keystore.certificate.chain = null
	ssl.keystore.key = null
	ssl.keystore.location = null
	ssl.keystore.password = null
	ssl.keystore.type = JKS
	ssl.protocol = TLSv1.3
	ssl.provider = null
	ssl.secure.random.implementation = null
	ssl.trustmanager.algorithm = PKIX
	ssl.truststore.certificates = null
	ssl.truststore.location = null
	ssl.truststore.password = null
	ssl.truststore.type = JKS
	transaction.timeout.ms = 60000
	transactional.id = null
	value.serializer = class org.springframework.kafka.support.serializer.JsonSerializer

2021-07-13 13:50:03.093  INFO 10292 --- [main] o.a.kafka.common.utils.AppInfoParser     : Kafka version: 2.7.1
2021-07-13 13:50:03.093  INFO 10292 --- [main] o.a.kafka.common.utils.AppInfoParser     : Kafka commitId: 61dbce85d0d41457
2021-07-13 13:50:03.093  INFO 10292 --- [main] o.a.kafka.common.utils.AppInfoParser     : Kafka startTimeMs: 1626164403083
2021-07-13 13:50:05.641  WARN 10292 --- [kafka-producer-network-thread | Covid_1991-1] org.apache.kafka.clients.NetworkClient   : [Producer clientId=Covid_1991-1] Error while fetching metadata with correlation id 1 : {c=LEADER_NOT_AVAILABLE}
2021-07-13 13:50:05.644  INFO 10292 --- [kafka-producer-network-thread | Covid_1991-1] org.apache.kafka.clients.Metadata        : [Producer clientId=Covid_1991-1] Cluster ID: AsgI37dLQ0SS07mDLpeGAQ
2021-07-13 13:50:05.746  WARN 10292 --- [kafka-producer-network-thread | Covid_1991-1] org.apache.kafka.clients.NetworkClient   : [Producer clientId=Covid_1991-1] Error while fetching metadata with correlation id 3 : {c=LEADER_NOT_AVAILABLE}
2021-07-13 13:50:06.475  INFO 10292 --- [main] c.e.covidapp.kafka2.VaccineNameKafka     : Vaccine name created -> VaccineName(id=122, vaccineName=Covaxin)
2021-07-13 13:50:07.258  INFO 10292 --- [main] c.e.covidapp.kafka2.VaccineCentreKafka   : Vaccine centre created -> VaccinationCentre{id=125, vaccinationCentreAddress='civil lines', vaccinationCentreCount=0, slotsCountMinor=0, slotsCountYoung=0, slotsCountElder=0, pincode=null, pincodeid=208027, vaccinationSlots=null}
2021-07-13 13:50:07.345  INFO 10292 --- [main] c.e.covidapp.kafka2.VaccineSlotKafka     : Vaccine centre created -> VaccinationSlots{id=126, vaccinecentreid=125, dateNo=1, vaccineNo=121, ageNo=10, doseNo1=0, doseNo2=0}
2021-07-13 13:50:07.426  WARN 10292 --- [kafka-producer-network-thread | Covid_1991-1] org.apache.kafka.clients.NetworkClient   : [Producer clientId=Covid_1991-1] Error while fetching metadata with correlation id 9 : {b=LEADER_NOT_AVAILABLE}
2021-07-13 13:50:07.697  WARN 10292 --- [kafka-producer-network-thread | Covid_1991-1] org.apache.kafka.clients.NetworkClient   : [Producer clientId=Covid_1991-1] Error while fetching metadata with correlation id 10 : {b=LEADER_NOT_AVAILABLE}
2021-07-13 13:50:07.819  WARN 10292 --- [kafka-producer-network-thread | Covid_1991-1] org.apache.kafka.clients.NetworkClient   : [Producer clientId=Covid_1991-1] Error while fetching metadata with correlation id 11 : {b=LEADER_NOT_AVAILABLE}
2021-07-13 13:50:08.029  INFO 10292 --- [main] c.e.covidapp.kafka2.VaccineSlotKafka     : Vaccine centre created -> VaccinationSlots{id=127, vaccinecentreid=125, dateNo=1, vaccineNo=122, ageNo=10, doseNo1=0, doseNo2=0}
2021-07-13 13:50:08.170  INFO 10292 --- [main] c.e.covidapp.kafka2.VaccineSlotKafka     : Vaccine centre created -> VaccinationSlots{id=128, vaccinecentreid=125, dateNo=1, vaccineNo=121, ageNo=20, doseNo1=0, doseNo2=0}
2021-07-13 13:50:08.219  INFO 10292 --- [main] c.e.covidapp.kafka2.VaccineSlotKafka     : Vaccine centre created -> VaccinationSlots{id=129, vaccinecentreid=125, dateNo=1, vaccineNo=122, ageNo=20, doseNo1=0, doseNo2=0}
2021-07-13 13:50:08.230  INFO 10292 --- [main] c.e.covidapp.kafka2.VaccineSlotKafka     : Vaccine centre created -> VaccinationSlots{id=130, vaccinecentreid=125, dateNo=1, vaccineNo=121, ageNo=60, doseNo1=0, doseNo2=0}
2021-07-13 13:50:08.264  INFO 10292 --- [main] c.e.covidapp.kafka2.VaccineSlotKafka     : Vaccine centre created -> VaccinationSlots{id=131, vaccinecentreid=125, dateNo=1, vaccineNo=122, ageNo=60, doseNo1=0, doseNo2=0}
2021-07-13 13:50:08.292  INFO 10292 --- [main] c.e.covidapp.kafka2.VaccineSlotKafka     : Vaccine centre created -> VaccinationSlots{id=132, vaccinecentreid=125, dateNo=2, vaccineNo=121, ageNo=10, doseNo1=0, doseNo2=0}
2021-07-13 13:50:08.340  INFO 10292 --- [main] c.e.covidapp.kafka2.VaccineSlotKafka     : Vaccine centre created -> VaccinationSlots{id=133, vaccinecentreid=125, dateNo=2, vaccineNo=122, ageNo=10, doseNo1=0, doseNo2=0}
2021-07-13 13:50:08.353  INFO 10292 --- [main] c.e.covidapp.kafka2.VaccineSlotKafka     : Vaccine centre created -> VaccinationSlots{id=134, vaccinecentreid=125, dateNo=2, vaccineNo=121, ageNo=20, doseNo1=0, doseNo2=0}
2021-07-13 13:50:08.364  INFO 10292 --- [main] c.e.covidapp.kafka2.VaccineSlotKafka     : Vaccine centre created -> VaccinationSlots{id=135, vaccinecentreid=125, dateNo=2, vaccineNo=122, ageNo=20, doseNo1=0, doseNo2=0}
2021-07-13 13:50:08.404  INFO 10292 --- [main] c.e.covidapp.kafka2.VaccineSlotKafka     : Vaccine centre created -> VaccinationSlots{id=136, vaccinecentreid=125, dateNo=2, vaccineNo=121, ageNo=60, doseNo1=0, doseNo2=0}
2021-07-13 13:50:08.427  INFO 10292 --- [main] c.e.covidapp.kafka2.VaccineSlotKafka     : Vaccine centre created -> VaccinationSlots{id=137, vaccinecentreid=125, dateNo=2, vaccineNo=122, ageNo=60, doseNo1=0, doseNo2=0}
2021-07-13 13:50:08.428  INFO 10292 --- [main] c.e.c.S.done.VaccinationCentreService    : vaccination slots added on vaccination centre creation
2021-07-13 13:50:08.462  INFO 10292 --- [main] c.e.covidapp.kafka2.VaccineCentreKafka   : Vaccine centre created -> VaccinationCentre{id=125, vaccinationCentreAddress='civil lines', vaccinationCentreCount=0, slotsCountMinor=0, slotsCountYoung=0, slotsCountElder=0, pincode=null, pincodeid=208027, vaccinationSlots=null}
2021-07-13 13:50:08.517  INFO 10292 --- [main] c.e.covidapp.kafka2.VaccineSlotKafka     : Vaccine centre created -> VaccinationSlots{id=139, vaccinecentreid=138, dateNo=1, vaccineNo=121, ageNo=10, doseNo1=0, doseNo2=0}
2021-07-13 13:50:08.528  INFO 10292 --- [main] c.e.covidapp.kafka2.VaccineSlotKafka     : Vaccine centre created -> VaccinationSlots{id=140, vaccinecentreid=138, dateNo=1, vaccineNo=122, ageNo=10, doseNo1=0, doseNo2=0}
2021-07-13 13:50:08.541  INFO 10292 --- [main] c.e.covidapp.kafka2.VaccineSlotKafka     : Vaccine centre created -> VaccinationSlots{id=141, vaccinecentreid=138, dateNo=1, vaccineNo=121, ageNo=20, doseNo1=0, doseNo2=0}
2021-07-13 13:50:08.581  INFO 10292 --- [main] c.e.covidapp.kafka2.VaccineSlotKafka     : Vaccine centre created -> VaccinationSlots{id=142, vaccinecentreid=138, dateNo=1, vaccineNo=122, ageNo=20, doseNo1=0, doseNo2=0}
2021-07-13 13:50:08.913  INFO 10292 --- [main] c.e.covidapp.kafka2.VaccineSlotKafka     : Vaccine centre created -> VaccinationSlots{id=143, vaccinecentreid=138, dateNo=1, vaccineNo=121, ageNo=60, doseNo1=0, doseNo2=0}
2021-07-13 13:50:08.956  INFO 10292 --- [main] c.e.covidapp.kafka2.VaccineSlotKafka     : Vaccine centre created -> VaccinationSlots{id=144, vaccinecentreid=138, dateNo=1, vaccineNo=122, ageNo=60, doseNo1=0, doseNo2=0}
2021-07-13 13:50:08.962  INFO 10292 --- [main] c.e.covidapp.kafka2.VaccineSlotKafka     : Vaccine centre created -> VaccinationSlots{id=145, vaccinecentreid=138, dateNo=2, vaccineNo=121, ageNo=10, doseNo1=0, doseNo2=0}
2021-07-13 13:50:08.969  INFO 10292 --- [main] c.e.covidapp.kafka2.VaccineSlotKafka     : Vaccine centre created -> VaccinationSlots{id=146, vaccinecentreid=138, dateNo=2, vaccineNo=122, ageNo=10, doseNo1=0, doseNo2=0}
2021-07-13 13:50:08.977  INFO 10292 --- [main] c.e.covidapp.kafka2.VaccineSlotKafka     : Vaccine centre created -> VaccinationSlots{id=147, vaccinecentreid=138, dateNo=2, vaccineNo=121, ageNo=20, doseNo1=0, doseNo2=0}
2021-07-13 13:50:08.984  INFO 10292 --- [main] c.e.covidapp.kafka2.VaccineSlotKafka     : Vaccine centre created -> VaccinationSlots{id=148, vaccinecentreid=138, dateNo=2, vaccineNo=122, ageNo=20, doseNo1=0, doseNo2=0}
2021-07-13 13:50:09.001  INFO 10292 --- [main] c.e.covidapp.kafka2.VaccineSlotKafka     : Vaccine centre created -> VaccinationSlots{id=149, vaccinecentreid=138, dateNo=2, vaccineNo=121, ageNo=60, doseNo1=0, doseNo2=0}
2021-07-13 13:50:09.008  INFO 10292 --- [main] c.e.covidapp.kafka2.VaccineSlotKafka     : Vaccine centre created -> VaccinationSlots{id=150, vaccinecentreid=138, dateNo=2, vaccineNo=122, ageNo=60, doseNo1=0, doseNo2=0}
2021-07-13 13:50:09.009  INFO 10292 --- [main] c.e.c.S.done.VaccinationCentreService    : vaccination slots added on vaccination centre creation
2021-07-13 13:50:09.516  INFO 10292 --- [main] o.a.k.clients.producer.ProducerConfig    : ProducerConfig values: 
	acks = 1
	batch.size = 16384
	bootstrap.servers = [localhost:9092]
	buffer.memory = 33554432
	client.dns.lookup = use_all_dns_ips
	client.id = Covid_1991
	compression.type = none
	connections.max.idle.ms = 540000
	delivery.timeout.ms = 120000
	enable.idempotence = false
	interceptor.classes = []
	internal.auto.downgrade.txn.commit = false
	key.serializer = class org.apache.kafka.common.serialization.StringSerializer
	linger.ms = 0
	max.block.ms = 60000
	max.in.flight.requests.per.connection = 5
	max.request.size = 1048576
	metadata.max.age.ms = 300000
	metadata.max.idle.ms = 300000
	metric.reporters = []
	metrics.num.samples = 2
	metrics.recording.level = INFO
	metrics.sample.window.ms = 30000
	partitioner.class = class org.apache.kafka.clients.producer.internals.DefaultPartitioner
	receive.buffer.bytes = 32768
	reconnect.backoff.max.ms = 1000
	reconnect.backoff.ms = 50
	request.timeout.ms = 30000
	retries = 2147483647
	retry.backoff.ms = 100
	sasl.client.callback.handler.class = null
	sasl.jaas.config = null
	sasl.kerberos.kinit.cmd = /usr/bin/kinit
	sasl.kerberos.min.time.before.relogin = 60000
	sasl.kerberos.service.name = null
	sasl.kerberos.ticket.renew.jitter = 0.05
	sasl.kerberos.ticket.renew.window.factor = 0.8
	sasl.login.callback.handler.class = null
	sasl.login.class = null
	sasl.login.refresh.buffer.seconds = 300
	sasl.login.refresh.min.period.seconds = 60
	sasl.login.refresh.window.factor = 0.8
	sasl.login.refresh.window.jitter = 0.05
	sasl.mechanism = GSSAPI
	security.protocol = PLAINTEXT
	security.providers = null
	send.buffer.bytes = 131072
	socket.connection.setup.timeout.max.ms = 127000
	socket.connection.setup.timeout.ms = 10000
	ssl.cipher.suites = null
	ssl.enabled.protocols = [TLSv1.2, TLSv1.3]
	ssl.endpoint.identification.algorithm = https
	ssl.engine.factory.class = null
	ssl.key.password = null
	ssl.keymanager.algorithm = SunX509
	ssl.keystore.certificate.chain = null
	ssl.keystore.key = null
	ssl.keystore.location = null
	ssl.keystore.password = null
	ssl.keystore.type = JKS
	ssl.protocol = TLSv1.3
	ssl.provider = null
	ssl.secure.random.implementation = null
	ssl.trustmanager.algorithm = PKIX
	ssl.truststore.certificates = null
	ssl.truststore.location = null
	ssl.truststore.password = null
	ssl.truststore.type = JKS
	transaction.timeout.ms = 60000
	transactional.id = null
	value.serializer = class org.springframework.kafka.support.serializer.JsonSerializer

2021-07-13 13:50:09.547  INFO 10292 --- [main] o.a.kafka.common.utils.AppInfoParser     : Kafka version: 2.7.1
2021-07-13 13:50:09.548  INFO 10292 --- [main] o.a.kafka.common.utils.AppInfoParser     : Kafka commitId: 61dbce85d0d41457
2021-07-13 13:50:09.548  INFO 10292 --- [main] o.a.kafka.common.utils.AppInfoParser     : Kafka startTimeMs: 1626164409547
2021-07-13 13:50:09.557  INFO 10292 --- [kafka-producer-network-thread | Covid_1991] org.apache.kafka.clients.Metadata        : [Producer clientId=Covid_1991] Cluster ID: AsgI37dLQ0SS07mDLpeGAQ
2021-07-13 13:50:09.914  WARN 10292 --- [main] JpaBaseConfiguration$JpaWebConfiguration : spring.jpa.open-in-view is enabled by default. Therefore, database queries may be performed during view rendering. Explicitly configure spring.jpa.open-in-view to disable this warning
2021-07-13 13:50:11.202  INFO 10292 --- [main] o.s.b.w.embedded.tomcat.TomcatWebServer  : Tomcat started on port(s): 9091 (http) with context path ''
2021-07-13 13:50:11.250  INFO 10292 --- [main] c.example.covidapp.CovidAppApplication   : Started CovidAppApplication in 28.071 seconds (JVM running for 35.391)
2021-07-13 13:50:57.053  INFO 10292 --- [SpringApplicationShutdownHook] o.a.k.clients.producer.KafkaProducer     : [Producer clientId=Covid_1991-1] Closing the Kafka producer with timeoutMillis = 30000 ms.
2021-07-13 13:50:57.065  INFO 10292 --- [SpringApplicationShutdownHook] org.apache.kafka.common.metrics.Metrics  : Metrics scheduler closed
2021-07-13 13:50:57.067  INFO 10292 --- [SpringApplicationShutdownHook] org.apache.kafka.common.metrics.Metrics  : Closing reporter org.apache.kafka.common.metrics.JmxReporter
2021-07-13 13:50:57.069  INFO 10292 --- [SpringApplicationShutdownHook] org.apache.kafka.common.metrics.Metrics  : Metrics reporters closed
2021-07-13 13:50:57.070  INFO 10292 --- [SpringApplicationShutdownHook] o.a.kafka.common.utils.AppInfoParser     : App info kafka.producer for Covid_1991-1 unregistered
2021-07-13 13:50:57.086  INFO 10292 --- [SpringApplicationShutdownHook] j.LocalContainerEntityManagerFactoryBean : Closing JPA EntityManagerFactory for persistence unit 'default'
2021-07-13 13:50:57.098  INFO 10292 --- [SpringApplicationShutdownHook] com.zaxxer.hikari.HikariDataSource       : HikariPool-1 - Shutdown initiated...
2021-07-13 13:50:57.105  INFO 10292 --- [SpringApplicationShutdownHook] com.zaxxer.hikari.HikariDataSource       : HikariPool-1 - Shutdown completed.
2021-07-13 13:51:12.042  INFO 10330 --- [main] c.example.covidapp.CovidAppApplication   : Starting CovidAppApplication using Java 16.0.1 on Govinds-MacBook-Pro.local with PID 10330 (/Users/govindsinghal/Desktop/CovidApp-main/target/classes started by govindsinghal in /Users/govindsinghal/Desktop/CovidApp-main)
2021-07-13 13:51:12.046  INFO 10330 --- [main] c.example.covidapp.CovidAppApplication   : No active profile set, falling back to default profiles: default
2021-07-13 13:51:13.458  INFO 10330 --- [main] .s.d.r.c.RepositoryConfigurationDelegate : Bootstrapping Spring Data JPA repositories in DEFAULT mode.
2021-07-13 13:51:13.636  INFO 10330 --- [main] .s.d.r.c.RepositoryConfigurationDelegate : Finished Spring Data repository scanning in 160 ms. Found 14 JPA repository interfaces.
2021-07-13 13:51:14.559  INFO 10330 --- [main] o.s.b.w.embedded.tomcat.TomcatWebServer  : Tomcat initialized with port(s): 9091 (http)
2021-07-13 13:51:14.575  INFO 10330 --- [main] o.apache.catalina.core.StandardService   : Starting service [Tomcat]
2021-07-13 13:51:14.576  INFO 10330 --- [main] org.apache.catalina.core.StandardEngine  : Starting Servlet engine: [Apache Tomcat/9.0.46]
2021-07-13 13:51:14.872  INFO 10330 --- [main] o.a.c.c.C.[Tomcat].[localhost].[/]       : Initializing Spring embedded WebApplicationContext
2021-07-13 13:51:14.874  INFO 10330 --- [main] w.s.c.ServletWebServerApplicationContext : Root WebApplicationContext: initialization completed in 2726 ms
2021-07-13 13:51:15.013  INFO 10330 --- [main] com.zaxxer.hikari.HikariDataSource       : HikariPool-1 - Starting...
2021-07-13 13:51:15.412  INFO 10330 --- [main] com.zaxxer.hikari.HikariDataSource       : HikariPool-1 - Start completed.
2021-07-13 13:51:15.606  INFO 10330 --- [main] o.hibernate.jpa.internal.util.LogHelper  : HHH000204: Processing PersistenceUnitInfo [name: default]
2021-07-13 13:51:15.805  INFO 10330 --- [main] org.hibernate.Version                    : HHH000412: Hibernate ORM core version 5.4.32.Final
2021-07-13 13:51:16.023  INFO 10330 --- [main] o.hibernate.annotations.common.Version   : HCANN000001: Hibernate Commons Annotations {5.1.2.Final}
2021-07-13 13:51:16.209  INFO 10330 --- [main] org.hibernate.dialect.Dialect            : HHH000400: Using dialect: org.hibernate.dialect.PostgreSQL10Dialect
2021-07-13 13:51:18.059  INFO 10330 --- [main] o.h.e.t.j.p.i.JtaPlatformInitiator       : HHH000490: Using JtaPlatform implementation: [org.hibernate.engine.transaction.jta.platform.internal.NoJtaPlatform]
2021-07-13 13:51:18.072  INFO 10330 --- [main] j.LocalContainerEntityManagerFactoryBean : Initialized JPA EntityManagerFactory for persistence unit 'default'
2021-07-13 13:51:20.777  INFO 10330 --- [main] c.e.covidapp.kafka2.VaccineNameKafka     : Vaccine name created -> VaccineName(id=151, vaccineName=Covishield)
2021-07-13 13:51:20.816  INFO 10330 --- [main] o.a.k.clients.producer.ProducerConfig    : ProducerConfig values: 
	acks = 1
	batch.size = 16384
	bootstrap.servers = [localhost:9092]
	buffer.memory = 33554432
	client.dns.lookup = use_all_dns_ips
	client.id = Covid_1991-1
	compression.type = none
	connections.max.idle.ms = 540000
	delivery.timeout.ms = 120000
	enable.idempotence = false
	interceptor.classes = []
	internal.auto.downgrade.txn.commit = true
	key.serializer = class org.apache.kafka.common.serialization.StringSerializer
	linger.ms = 0
	max.block.ms = 60000
	max.in.flight.requests.per.connection = 5
	max.request.size = 1048576
	metadata.max.age.ms = 300000
	metadata.max.idle.ms = 300000
	metric.reporters = []
	metrics.num.samples = 2
	metrics.recording.level = INFO
	metrics.sample.window.ms = 30000
	partitioner.class = class org.apache.kafka.clients.producer.internals.DefaultPartitioner
	receive.buffer.bytes = 32768
	reconnect.backoff.max.ms = 1000
	reconnect.backoff.ms = 50
	request.timeout.ms = 30000
	retries = 2147483647
	retry.backoff.ms = 100
	sasl.client.callback.handler.class = null
	sasl.jaas.config = null
	sasl.kerberos.kinit.cmd = /usr/bin/kinit
	sasl.kerberos.min.time.before.relogin = 60000
	sasl.kerberos.service.name = null
	sasl.kerberos.ticket.renew.jitter = 0.05
	sasl.kerberos.ticket.renew.window.factor = 0.8
	sasl.login.callback.handler.class = null
	sasl.login.class = null
	sasl.login.refresh.buffer.seconds = 300
	sasl.login.refresh.min.period.seconds = 60
	sasl.login.refresh.window.factor = 0.8
	sasl.login.refresh.window.jitter = 0.05
	sasl.mechanism = GSSAPI
	security.protocol = PLAINTEXT
	security.providers = null
	send.buffer.bytes = 131072
	socket.connection.setup.timeout.max.ms = 127000
	socket.connection.setup.timeout.ms = 10000
	ssl.cipher.suites = null
	ssl.enabled.protocols = [TLSv1.2, TLSv1.3]
	ssl.endpoint.identification.algorithm = https
	ssl.engine.factory.class = null
	ssl.key.password = null
	ssl.keymanager.algorithm = SunX509
	ssl.keystore.certificate.chain = null
	ssl.keystore.key = null
	ssl.keystore.location = null
	ssl.keystore.password = null
	ssl.keystore.type = JKS
	ssl.protocol = TLSv1.3
	ssl.provider = null
	ssl.secure.random.implementation = null
	ssl.trustmanager.algorithm = PKIX
	ssl.truststore.certificates = null
	ssl.truststore.location = null
	ssl.truststore.password = null
	ssl.truststore.type = JKS
	transaction.timeout.ms = 60000
	transactional.id = null
	value.serializer = class org.springframework.kafka.support.serializer.JsonSerializer

2021-07-13 13:51:20.935  INFO 10330 --- [main] o.a.kafka.common.utils.AppInfoParser     : Kafka version: 2.7.1
2021-07-13 13:51:20.936  INFO 10330 --- [main] o.a.kafka.common.utils.AppInfoParser     : Kafka commitId: 61dbce85d0d41457
2021-07-13 13:51:20.936  INFO 10330 --- [main] o.a.kafka.common.utils.AppInfoParser     : Kafka startTimeMs: 1626164480932
2021-07-13 13:51:21.659  INFO 10330 --- [kafka-producer-network-thread | Covid_1991-1] org.apache.kafka.clients.Metadata        : [Producer clientId=Covid_1991-1] Cluster ID: AsgI37dLQ0SS07mDLpeGAQ
2021-07-13 13:51:21.865  INFO 10330 --- [main] c.e.covidapp.kafka2.VaccineNameKafka     : Vaccine name created -> VaccineName(id=152, vaccineName=Covaxin)
2021-07-13 13:51:22.564  INFO 10330 --- [main] c.e.covidapp.kafka2.VaccineCentreKafka   : Vaccine centre created -> VaccinationCentre{id=155, vaccinationCentreAddress='civil lines', vaccinationCentreCount=0, slotsCountMinor=0, slotsCountYoung=0, slotsCountElder=0, pincode=null, pincodeid=208027, vaccinationSlots=null}
2021-07-13 13:51:22.679  INFO 10330 --- [main] c.e.covidapp.kafka2.VaccineSlotKafka     : Vaccine centre created -> VaccinationSlots{id=156, vaccinecentreid=155, dateNo=1, vaccineNo=151, ageNo=10, doseNo1=0, doseNo2=0}
2021-07-13 13:51:22.778  INFO 10330 --- [main] c.e.covidapp.kafka2.VaccineSlotKafka     : Vaccine centre created -> VaccinationSlots{id=157, vaccinecentreid=155, dateNo=1, vaccineNo=152, ageNo=10, doseNo1=0, doseNo2=0}
2021-07-13 13:51:22.806  INFO 10330 --- [main] c.e.covidapp.kafka2.VaccineSlotKafka     : Vaccine centre created -> VaccinationSlots{id=158, vaccinecentreid=155, dateNo=1, vaccineNo=151, ageNo=20, doseNo1=0, doseNo2=0}
2021-07-13 13:51:22.943  INFO 10330 --- [main] c.e.covidapp.kafka2.VaccineSlotKafka     : Vaccine centre created -> VaccinationSlots{id=159, vaccinecentreid=155, dateNo=1, vaccineNo=152, ageNo=20, doseNo1=0, doseNo2=0}
2021-07-13 13:51:23.036  INFO 10330 --- [main] c.e.covidapp.kafka2.VaccineSlotKafka     : Vaccine centre created -> VaccinationSlots{id=160, vaccinecentreid=155, dateNo=1, vaccineNo=151, ageNo=60, doseNo1=0, doseNo2=0}
2021-07-13 13:51:23.050  INFO 10330 --- [main] c.e.covidapp.kafka2.VaccineSlotKafka     : Vaccine centre created -> VaccinationSlots{id=161, vaccinecentreid=155, dateNo=1, vaccineNo=152, ageNo=60, doseNo1=0, doseNo2=0}
2021-07-13 13:51:23.062  INFO 10330 --- [main] c.e.covidapp.kafka2.VaccineSlotKafka     : Vaccine centre created -> VaccinationSlots{id=162, vaccinecentreid=155, dateNo=2, vaccineNo=151, ageNo=10, doseNo1=0, doseNo2=0}
2021-07-13 13:51:23.071  INFO 10330 --- [main] c.e.covidapp.kafka2.VaccineSlotKafka     : Vaccine centre created -> VaccinationSlots{id=163, vaccinecentreid=155, dateNo=2, vaccineNo=152, ageNo=10, doseNo1=0, doseNo2=0}
2021-07-13 13:51:23.082  INFO 10330 --- [main] c.e.covidapp.kafka2.VaccineSlotKafka     : Vaccine centre created -> VaccinationSlots{id=164, vaccinecentreid=155, dateNo=2, vaccineNo=151, ageNo=20, doseNo1=0, doseNo2=0}
2021-07-13 13:51:23.170  INFO 10330 --- [main] c.e.covidapp.kafka2.VaccineSlotKafka     : Vaccine centre created -> VaccinationSlots{id=165, vaccinecentreid=155, dateNo=2, vaccineNo=152, ageNo=20, doseNo1=0, doseNo2=0}
2021-07-13 13:51:23.258  INFO 10330 --- [main] c.e.covidapp.kafka2.VaccineSlotKafka     : Vaccine centre created -> VaccinationSlots{id=166, vaccinecentreid=155, dateNo=2, vaccineNo=151, ageNo=60, doseNo1=0, doseNo2=0}
2021-07-13 13:51:23.318  INFO 10330 --- [main] c.e.covidapp.kafka2.VaccineSlotKafka     : Vaccine centre created -> VaccinationSlots{id=167, vaccinecentreid=155, dateNo=2, vaccineNo=152, ageNo=60, doseNo1=0, doseNo2=0}
2021-07-13 13:51:23.325  INFO 10330 --- [main] c.e.c.S.done.VaccinationCentreService    : vaccination slots added on vaccination centre creation
2021-07-13 13:51:23.488  INFO 10330 --- [main] c.e.covidapp.kafka2.VaccineCentreKafka   : Vaccine centre created -> VaccinationCentre{id=155, vaccinationCentreAddress='civil lines', vaccinationCentreCount=0, slotsCountMinor=0, slotsCountYoung=0, slotsCountElder=0, pincode=null, pincodeid=208027, vaccinationSlots=null}
2021-07-13 13:51:23.607  INFO 10330 --- [main] c.e.covidapp.kafka2.VaccineSlotKafka     : Vaccine centre created -> VaccinationSlots{id=169, vaccinecentreid=168, dateNo=1, vaccineNo=151, ageNo=10, doseNo1=0, doseNo2=0}
2021-07-13 13:51:23.634  INFO 10330 --- [main] c.e.covidapp.kafka2.VaccineSlotKafka     : Vaccine centre created -> VaccinationSlots{id=170, vaccinecentreid=168, dateNo=1, vaccineNo=152, ageNo=10, doseNo1=0, doseNo2=0}
2021-07-13 13:51:23.720  INFO 10330 --- [main] c.e.covidapp.kafka2.VaccineSlotKafka     : Vaccine centre created -> VaccinationSlots{id=171, vaccinecentreid=168, dateNo=1, vaccineNo=151, ageNo=20, doseNo1=0, doseNo2=0}
2021-07-13 13:51:23.763  INFO 10330 --- [main] c.e.covidapp.kafka2.VaccineSlotKafka     : Vaccine centre created -> VaccinationSlots{id=172, vaccinecentreid=168, dateNo=1, vaccineNo=152, ageNo=20, doseNo1=0, doseNo2=0}
2021-07-13 13:51:23.779  INFO 10330 --- [main] c.e.covidapp.kafka2.VaccineSlotKafka     : Vaccine centre created -> VaccinationSlots{id=173, vaccinecentreid=168, dateNo=1, vaccineNo=151, ageNo=60, doseNo1=0, doseNo2=0}
2021-07-13 13:51:23.788  INFO 10330 --- [main] c.e.covidapp.kafka2.VaccineSlotKafka     : Vaccine centre created -> VaccinationSlots{id=174, vaccinecentreid=168, dateNo=1, vaccineNo=152, ageNo=60, doseNo1=0, doseNo2=0}
2021-07-13 13:51:23.795  INFO 10330 --- [main] c.e.covidapp.kafka2.VaccineSlotKafka     : Vaccine centre created -> VaccinationSlots{id=175, vaccinecentreid=168, dateNo=2, vaccineNo=151, ageNo=10, doseNo1=0, doseNo2=0}
2021-07-13 13:51:23.877  INFO 10330 --- [main] c.e.covidapp.kafka2.VaccineSlotKafka     : Vaccine centre created -> VaccinationSlots{id=176, vaccinecentreid=168, dateNo=2, vaccineNo=152, ageNo=10, doseNo1=0, doseNo2=0}
2021-07-13 13:51:23.900  INFO 10330 --- [main] c.e.covidapp.kafka2.VaccineSlotKafka     : Vaccine centre created -> VaccinationSlots{id=177, vaccinecentreid=168, dateNo=2, vaccineNo=151, ageNo=20, doseNo1=0, doseNo2=0}
2021-07-13 13:51:23.907  INFO 10330 --- [main] c.e.covidapp.kafka2.VaccineSlotKafka     : Vaccine centre created -> VaccinationSlots{id=178, vaccinecentreid=168, dateNo=2, vaccineNo=152, ageNo=20, doseNo1=0, doseNo2=0}
2021-07-13 13:51:23.913  INFO 10330 --- [main] c.e.covidapp.kafka2.VaccineSlotKafka     : Vaccine centre created -> VaccinationSlots{id=179, vaccinecentreid=168, dateNo=2, vaccineNo=151, ageNo=60, doseNo1=0, doseNo2=0}
2021-07-13 13:51:23.920  INFO 10330 --- [main] c.e.covidapp.kafka2.VaccineSlotKafka     : Vaccine centre created -> VaccinationSlots{id=180, vaccinecentreid=168, dateNo=2, vaccineNo=152, ageNo=60, doseNo1=0, doseNo2=0}
2021-07-13 13:51:23.922  INFO 10330 --- [main] c.e.c.S.done.VaccinationCentreService    : vaccination slots added on vaccination centre creation
2021-07-13 13:51:24.170  INFO 10330 --- [main] o.a.k.clients.producer.ProducerConfig    : ProducerConfig values: 
	acks = 1
	batch.size = 16384
	bootstrap.servers = [localhost:9092]
	buffer.memory = 33554432
	client.dns.lookup = use_all_dns_ips
	client.id = Covid_1991
	compression.type = none
	connections.max.idle.ms = 540000
	delivery.timeout.ms = 120000
	enable.idempotence = false
	interceptor.classes = []
	internal.auto.downgrade.txn.commit = false
	key.serializer = class org.apache.kafka.common.serialization.StringSerializer
	linger.ms = 0
	max.block.ms = 60000
	max.in.flight.requests.per.connection = 5
	max.request.size = 1048576
	metadata.max.age.ms = 300000
	metadata.max.idle.ms = 300000
	metric.reporters = []
	metrics.num.samples = 2
	metrics.recording.level = INFO
	metrics.sample.window.ms = 30000
	partitioner.class = class org.apache.kafka.clients.producer.internals.DefaultPartitioner
	receive.buffer.bytes = 32768
	reconnect.backoff.max.ms = 1000
	reconnect.backoff.ms = 50
	request.timeout.ms = 30000
	retries = 2147483647
	retry.backoff.ms = 100
	sasl.client.callback.handler.class = null
	sasl.jaas.config = null
	sasl.kerberos.kinit.cmd = /usr/bin/kinit
	sasl.kerberos.min.time.before.relogin = 60000
	sasl.kerberos.service.name = null
	sasl.kerberos.ticket.renew.jitter = 0.05
	sasl.kerberos.ticket.renew.window.factor = 0.8
	sasl.login.callback.handler.class = null
	sasl.login.class = null
	sasl.login.refresh.buffer.seconds = 300
	sasl.login.refresh.min.period.seconds = 60
	sasl.login.refresh.window.factor = 0.8
	sasl.login.refresh.window.jitter = 0.05
	sasl.mechanism = GSSAPI
	security.protocol = PLAINTEXT
	security.providers = null
	send.buffer.bytes = 131072
	socket.connection.setup.timeout.max.ms = 127000
	socket.connection.setup.timeout.ms = 10000
	ssl.cipher.suites = null
	ssl.enabled.protocols = [TLSv1.2, TLSv1.3]
	ssl.endpoint.identification.algorithm = https
	ssl.engine.factory.class = null
	ssl.key.password = null
	ssl.keymanager.algorithm = SunX509
	ssl.keystore.certificate.chain = null
	ssl.keystore.key = null
	ssl.keystore.location = null
	ssl.keystore.password = null
	ssl.keystore.type = JKS
	ssl.protocol = TLSv1.3
	ssl.provider = null
	ssl.secure.random.implementation = null
	ssl.trustmanager.algorithm = PKIX
	ssl.truststore.certificates = null
	ssl.truststore.location = null
	ssl.truststore.password = null
	ssl.truststore.type = JKS
	transaction.timeout.ms = 60000
	transactional.id = null
	value.serializer = class org.springframework.kafka.support.serializer.JsonSerializer

2021-07-13 13:51:24.208  INFO 10330 --- [kafka-producer-network-thread | Covid_1991] org.apache.kafka.clients.Metadata        : [Producer clientId=Covid_1991] Cluster ID: AsgI37dLQ0SS07mDLpeGAQ
2021-07-13 13:51:24.215  INFO 10330 --- [main] o.a.kafka.common.utils.AppInfoParser     : Kafka version: 2.7.1
2021-07-13 13:51:24.216  INFO 10330 --- [main] o.a.kafka.common.utils.AppInfoParser     : Kafka commitId: 61dbce85d0d41457
2021-07-13 13:51:24.216  INFO 10330 --- [main] o.a.kafka.common.utils.AppInfoParser     : Kafka startTimeMs: 1626164484215
2021-07-13 13:51:24.399  WARN 10330 --- [main] JpaBaseConfiguration$JpaWebConfiguration : spring.jpa.open-in-view is enabled by default. Therefore, database queries may be performed during view rendering. Explicitly configure spring.jpa.open-in-view to disable this warning
2021-07-13 13:51:26.402  INFO 10330 --- [main] o.s.b.w.embedded.tomcat.TomcatWebServer  : Tomcat started on port(s): 9091 (http) with context path ''
2021-07-13 13:51:26.442  INFO 10330 --- [main] c.example.covidapp.CovidAppApplication   : Started CovidAppApplication in 15.01 seconds (JVM running for 21.954)
2021-07-13 14:11:36.227  INFO 12065 --- [main] c.example.covidapp.CovidAppApplication   : Starting CovidAppApplication using Java 16.0.1 on Govinds-MacBook-Pro.local with PID 12065 (/Users/govindsinghal/Desktop/R/Covid_App/target/classes started by govindsinghal in /Users/govindsinghal/Desktop/R/Covid_App)
2021-07-13 14:11:36.229  INFO 12065 --- [main] c.example.covidapp.CovidAppApplication   : No active profile set, falling back to default profiles: default
2021-07-13 14:11:36.840  INFO 12065 --- [main] .s.d.r.c.RepositoryConfigurationDelegate : Bootstrapping Spring Data JPA repositories in DEFAULT mode.
2021-07-13 14:11:36.923  INFO 12065 --- [main] .s.d.r.c.RepositoryConfigurationDelegate : Finished Spring Data repository scanning in 73 ms. Found 14 JPA repository interfaces.
2021-07-13 14:11:37.447  INFO 12065 --- [main] o.s.b.w.embedded.tomcat.TomcatWebServer  : Tomcat initialized with port(s): 9091 (http)
2021-07-13 14:11:37.487  INFO 12065 --- [main] o.apache.catalina.core.StandardService   : Starting service [Tomcat]
2021-07-13 14:11:37.487  INFO 12065 --- [main] org.apache.catalina.core.StandardEngine  : Starting Servlet engine: [Apache Tomcat/9.0.46]
2021-07-13 14:11:37.833  INFO 12065 --- [main] o.a.c.c.C.[Tomcat].[localhost].[/]       : Initializing Spring embedded WebApplicationContext
2021-07-13 14:11:37.834  INFO 12065 --- [main] w.s.c.ServletWebServerApplicationContext : Root WebApplicationContext: initialization completed in 1556 ms
2021-07-13 14:11:37.902  INFO 12065 --- [main] com.zaxxer.hikari.HikariDataSource       : HikariPool-1 - Starting...
2021-07-13 14:11:38.402  INFO 12065 --- [main] com.zaxxer.hikari.HikariDataSource       : HikariPool-1 - Start completed.
2021-07-13 14:11:38.518  INFO 12065 --- [main] o.hibernate.jpa.internal.util.LogHelper  : HHH000204: Processing PersistenceUnitInfo [name: default]
2021-07-13 14:11:38.557  INFO 12065 --- [main] org.hibernate.Version                    : HHH000412: Hibernate ORM core version 5.4.32.Final
2021-07-13 14:11:38.718  INFO 12065 --- [main] o.hibernate.annotations.common.Version   : HCANN000001: Hibernate Commons Annotations {5.1.2.Final}
2021-07-13 14:11:38.854  INFO 12065 --- [main] org.hibernate.dialect.Dialect            : HHH000400: Using dialect: org.hibernate.dialect.PostgreSQL10Dialect
2021-07-13 14:11:39.612  INFO 12065 --- [main] o.h.e.t.j.p.i.JtaPlatformInitiator       : HHH000490: Using JtaPlatform implementation: [org.hibernate.engine.transaction.jta.platform.internal.NoJtaPlatform]
2021-07-13 14:11:39.623  INFO 12065 --- [main] j.LocalContainerEntityManagerFactoryBean : Initialized JPA EntityManagerFactory for persistence unit 'default'
2021-07-13 14:11:40.443  WARN 12065 --- [main] o.h.p.entity.AbstractEntityPersister     : HHH000502: The [city] property of the [com.example.covidapp.models.done.Pincode] entity was modified, but it won't be updated because the property is immutable.
2021-07-13 14:11:40.449  WARN 12065 --- [main] o.h.p.entity.AbstractEntityPersister     : HHH000502: The [city] property of the [com.example.covidapp.models.done.Pincode] entity was modified, but it won't be updated because the property is immutable.
2021-07-13 14:11:40.527  INFO 12065 --- [main] o.a.k.clients.producer.ProducerConfig    : ProducerConfig values: 
	acks = 1
	batch.size = 16384
	bootstrap.servers = [localhost:9092]
	buffer.memory = 33554432
	client.dns.lookup = use_all_dns_ips
	client.id = Covid_1991
	compression.type = none
	connections.max.idle.ms = 540000
	delivery.timeout.ms = 120000
	enable.idempotence = false
	interceptor.classes = []
	internal.auto.downgrade.txn.commit = false
	key.serializer = class org.apache.kafka.common.serialization.StringSerializer
	linger.ms = 0
	max.block.ms = 60000
	max.in.flight.requests.per.connection = 5
	max.request.size = 1048576
	metadata.max.age.ms = 300000
	metadata.max.idle.ms = 300000
	metric.reporters = []
	metrics.num.samples = 2
	metrics.recording.level = INFO
	metrics.sample.window.ms = 30000
	partitioner.class = class org.apache.kafka.clients.producer.internals.DefaultPartitioner
	receive.buffer.bytes = 32768
	reconnect.backoff.max.ms = 1000
	reconnect.backoff.ms = 50
	request.timeout.ms = 30000
	retries = 2147483647
	retry.backoff.ms = 100
	sasl.client.callback.handler.class = null
	sasl.jaas.config = null
	sasl.kerberos.kinit.cmd = /usr/bin/kinit
	sasl.kerberos.min.time.before.relogin = 60000
	sasl.kerberos.service.name = null
	sasl.kerberos.ticket.renew.jitter = 0.05
	sasl.kerberos.ticket.renew.window.factor = 0.8
	sasl.login.callback.handler.class = null
	sasl.login.class = null
	sasl.login.refresh.buffer.seconds = 300
	sasl.login.refresh.min.period.seconds = 60
	sasl.login.refresh.window.factor = 0.8
	sasl.login.refresh.window.jitter = 0.05
	sasl.mechanism = GSSAPI
	security.protocol = PLAINTEXT
	security.providers = null
	send.buffer.bytes = 131072
	socket.connection.setup.timeout.max.ms = 127000
	socket.connection.setup.timeout.ms = 10000
	ssl.cipher.suites = null
	ssl.enabled.protocols = [TLSv1.2, TLSv1.3]
	ssl.endpoint.identification.algorithm = https
	ssl.engine.factory.class = null
	ssl.key.password = null
	ssl.keymanager.algorithm = SunX509
	ssl.keystore.certificate.chain = null
	ssl.keystore.key = null
	ssl.keystore.location = null
	ssl.keystore.password = null
	ssl.keystore.type = JKS
	ssl.protocol = TLSv1.3
	ssl.provider = null
	ssl.secure.random.implementation = null
	ssl.trustmanager.algorithm = PKIX
	ssl.truststore.certificates = null
	ssl.truststore.location = null
	ssl.truststore.password = null
	ssl.truststore.type = JKS
	transaction.timeout.ms = 60000
	transactional.id = null
	value.serializer = class org.springframework.kafka.support.serializer.JsonSerializer

2021-07-13 14:11:40.621  INFO 12065 --- [main] o.a.kafka.common.utils.AppInfoParser     : Kafka version: 2.7.1
2021-07-13 14:11:40.621  INFO 12065 --- [main] o.a.kafka.common.utils.AppInfoParser     : Kafka commitId: 61dbce85d0d41457
2021-07-13 14:11:40.621  INFO 12065 --- [main] o.a.kafka.common.utils.AppInfoParser     : Kafka startTimeMs: 1626165700618
2021-07-13 14:11:40.665  WARN 12065 --- [main] JpaBaseConfiguration$JpaWebConfiguration : spring.jpa.open-in-view is enabled by default. Therefore, database queries may be performed during view rendering. Explicitly configure spring.jpa.open-in-view to disable this warning
2021-07-13 14:11:40.996  INFO 12065 --- [kafka-producer-network-thread | Covid_1991] org.apache.kafka.clients.Metadata        : [Producer clientId=Covid_1991] Cluster ID: AsgI37dLQ0SS07mDLpeGAQ
2021-07-13 14:11:41.066  INFO 12065 --- [main] o.s.b.w.embedded.tomcat.TomcatWebServer  : Tomcat started on port(s): 9091 (http) with context path ''
2021-07-13 14:11:41.077  INFO 12065 --- [main] c.example.covidapp.CovidAppApplication   : Started CovidAppApplication in 5.31 seconds (JVM running for 11.262)
2021-07-13 14:12:17.489  INFO 12065 --- [SpringApplicationShutdownHook] j.LocalContainerEntityManagerFactoryBean : Closing JPA EntityManagerFactory for persistence unit 'default'
2021-07-13 14:12:17.495  INFO 12065 --- [SpringApplicationShutdownHook] com.zaxxer.hikari.HikariDataSource       : HikariPool-1 - Shutdown initiated...
2021-07-13 14:12:17.503  INFO 12065 --- [SpringApplicationShutdownHook] com.zaxxer.hikari.HikariDataSource       : HikariPool-1 - Shutdown completed.
2021-07-13 14:12:25.569  INFO 12103 --- [main] c.example.covidapp.CovidAppApplication   : Starting CovidAppApplication using Java 16.0.1 on Govinds-MacBook-Pro.local with PID 12103 (/Users/govindsinghal/Desktop/R/Covid_App/target/classes started by govindsinghal in /Users/govindsinghal/Desktop/R/Covid_App)
2021-07-13 14:12:25.570  INFO 12103 --- [main] c.example.covidapp.CovidAppApplication   : No active profile set, falling back to default profiles: default
2021-07-13 14:12:26.261  INFO 12103 --- [main] .s.d.r.c.RepositoryConfigurationDelegate : Bootstrapping Spring Data JPA repositories in DEFAULT mode.
2021-07-13 14:12:26.348  INFO 12103 --- [main] .s.d.r.c.RepositoryConfigurationDelegate : Finished Spring Data repository scanning in 77 ms. Found 14 JPA repository interfaces.
2021-07-13 14:12:26.906  INFO 12103 --- [main] o.s.b.w.embedded.tomcat.TomcatWebServer  : Tomcat initialized with port(s): 9091 (http)
2021-07-13 14:12:26.916  INFO 12103 --- [main] o.apache.catalina.core.StandardService   : Starting service [Tomcat]
2021-07-13 14:12:26.917  INFO 12103 --- [main] org.apache.catalina.core.StandardEngine  : Starting Servlet engine: [Apache Tomcat/9.0.46]
2021-07-13 14:12:27.042  INFO 12103 --- [main] o.a.c.c.C.[Tomcat].[localhost].[/]       : Initializing Spring embedded WebApplicationContext
2021-07-13 14:12:27.043  INFO 12103 --- [main] w.s.c.ServletWebServerApplicationContext : Root WebApplicationContext: initialization completed in 1419 ms
2021-07-13 14:12:27.117  INFO 12103 --- [main] com.zaxxer.hikari.HikariDataSource       : HikariPool-1 - Starting...
2021-07-13 14:12:27.381  INFO 12103 --- [main] com.zaxxer.hikari.HikariDataSource       : HikariPool-1 - Start completed.
2021-07-13 14:12:27.495  INFO 12103 --- [main] o.hibernate.jpa.internal.util.LogHelper  : HHH000204: Processing PersistenceUnitInfo [name: default]
2021-07-13 14:12:27.532  INFO 12103 --- [main] org.hibernate.Version                    : HHH000412: Hibernate ORM core version 5.4.32.Final
2021-07-13 14:12:27.644  INFO 12103 --- [main] o.hibernate.annotations.common.Version   : HCANN000001: Hibernate Commons Annotations {5.1.2.Final}
2021-07-13 14:12:27.744  INFO 12103 --- [main] org.hibernate.dialect.Dialect            : HHH000400: Using dialect: org.hibernate.dialect.PostgreSQL10Dialect
2021-07-13 14:12:28.529  INFO 12103 --- [main] o.h.e.t.j.p.i.JtaPlatformInitiator       : HHH000490: Using JtaPlatform implementation: [org.hibernate.engine.transaction.jta.platform.internal.NoJtaPlatform]
2021-07-13 14:12:28.538  INFO 12103 --- [main] j.LocalContainerEntityManagerFactoryBean : Initialized JPA EntityManagerFactory for persistence unit 'default'
2021-07-13 14:12:29.369  INFO 12103 --- [main] c.e.covidapp.kafka2.VaccineNameKafka     : Vaccine name created -> VaccineName(id=211, vaccineName=Covishield)
2021-07-13 14:12:29.397  INFO 12103 --- [main] o.a.k.clients.producer.ProducerConfig    : ProducerConfig values: 
	acks = 1
	batch.size = 16384
	bootstrap.servers = [localhost:9092]
	buffer.memory = 33554432
	client.dns.lookup = use_all_dns_ips
	client.id = Covid_1991-1
	compression.type = none
	connections.max.idle.ms = 540000
	delivery.timeout.ms = 120000
	enable.idempotence = false
	interceptor.classes = []
	internal.auto.downgrade.txn.commit = true
	key.serializer = class org.apache.kafka.common.serialization.StringSerializer
	linger.ms = 0
	max.block.ms = 60000
	max.in.flight.requests.per.connection = 5
	max.request.size = 1048576
	metadata.max.age.ms = 300000
	metadata.max.idle.ms = 300000
	metric.reporters = []
	metrics.num.samples = 2
	metrics.recording.level = INFO
	metrics.sample.window.ms = 30000
	partitioner.class = class org.apache.kafka.clients.producer.internals.DefaultPartitioner
	receive.buffer.bytes = 32768
	reconnect.backoff.max.ms = 1000
	reconnect.backoff.ms = 50
	request.timeout.ms = 30000
	retries = 2147483647
	retry.backoff.ms = 100
	sasl.client.callback.handler.class = null
	sasl.jaas.config = null
	sasl.kerberos.kinit.cmd = /usr/bin/kinit
	sasl.kerberos.min.time.before.relogin = 60000
	sasl.kerberos.service.name = null
	sasl.kerberos.ticket.renew.jitter = 0.05
	sasl.kerberos.ticket.renew.window.factor = 0.8
	sasl.login.callback.handler.class = null
	sasl.login.class = null
	sasl.login.refresh.buffer.seconds = 300
	sasl.login.refresh.min.period.seconds = 60
	sasl.login.refresh.window.factor = 0.8
	sasl.login.refresh.window.jitter = 0.05
	sasl.mechanism = GSSAPI
	security.protocol = PLAINTEXT
	security.providers = null
	send.buffer.bytes = 131072
	socket.connection.setup.timeout.max.ms = 127000
	socket.connection.setup.timeout.ms = 10000
	ssl.cipher.suites = null
	ssl.enabled.protocols = [TLSv1.2, TLSv1.3]
	ssl.endpoint.identification.algorithm = https
	ssl.engine.factory.class = null
	ssl.key.password = null
	ssl.keymanager.algorithm = SunX509
	ssl.keystore.certificate.chain = null
	ssl.keystore.key = null
	ssl.keystore.location = null
	ssl.keystore.password = null
	ssl.keystore.type = JKS
	ssl.protocol = TLSv1.3
	ssl.provider = null
	ssl.secure.random.implementation = null
	ssl.trustmanager.algorithm = PKIX
	ssl.truststore.certificates = null
	ssl.truststore.location = null
	ssl.truststore.password = null
	ssl.truststore.type = JKS
	transaction.timeout.ms = 60000
	transactional.id = null
	value.serializer = class org.springframework.kafka.support.serializer.JsonSerializer

2021-07-13 14:12:29.475  INFO 12103 --- [main] o.a.kafka.common.utils.AppInfoParser     : Kafka version: 2.7.1
2021-07-13 14:12:29.476  INFO 12103 --- [main] o.a.kafka.common.utils.AppInfoParser     : Kafka commitId: 61dbce85d0d41457
2021-07-13 14:12:29.476  INFO 12103 --- [main] o.a.kafka.common.utils.AppInfoParser     : Kafka startTimeMs: 1626165749473
2021-07-13 14:12:29.864  INFO 12103 --- [kafka-producer-network-thread | Covid_1991-1] org.apache.kafka.clients.Metadata        : [Producer clientId=Covid_1991-1] Cluster ID: AsgI37dLQ0SS07mDLpeGAQ
2021-07-13 14:12:29.970  INFO 12103 --- [main] c.e.covidapp.kafka2.VaccineNameKafka     : Vaccine name created -> VaccineName(id=212, vaccineName=Covaxin)
2021-07-13 14:12:30.307  INFO 12103 --- [main] c.e.covidapp.kafka2.VaccineCentreKafka   : Vaccine centre created -> VaccinationCentre{id=215, vaccinationCentreAddress='civil lines', vaccinationCentreCount=0, slotsCountMinor=0, slotsCountYoung=0, slotsCountElder=0, pincode=null, pincodeid=208027, vaccinationSlots=null}
2021-07-13 14:12:30.374  INFO 12103 --- [main] c.e.covidapp.kafka2.VaccineSlotKafka     : Vaccine centre created -> VaccinationSlots{id=216, vaccinecentreid=215, dateNo=1, vaccineNo=211, ageNo=10, doseNo1=0, doseNo2=0}
2021-07-13 14:12:30.422  INFO 12103 --- [main] c.e.covidapp.kafka2.VaccineSlotKafka     : Vaccine centre created -> VaccinationSlots{id=217, vaccinecentreid=215, dateNo=1, vaccineNo=212, ageNo=10, doseNo1=0, doseNo2=0}
2021-07-13 14:12:30.428  INFO 12103 --- [main] c.e.covidapp.kafka2.VaccineSlotKafka     : Vaccine centre created -> VaccinationSlots{id=218, vaccinecentreid=215, dateNo=1, vaccineNo=211, ageNo=20, doseNo1=0, doseNo2=0}
2021-07-13 14:12:30.432  INFO 12103 --- [main] c.e.covidapp.kafka2.VaccineSlotKafka     : Vaccine centre created -> VaccinationSlots{id=219, vaccinecentreid=215, dateNo=1, vaccineNo=212, ageNo=20, doseNo1=0, doseNo2=0}
2021-07-13 14:12:30.435  INFO 12103 --- [main] c.e.covidapp.kafka2.VaccineSlotKafka     : Vaccine centre created -> VaccinationSlots{id=220, vaccinecentreid=215, dateNo=1, vaccineNo=211, ageNo=60, doseNo1=0, doseNo2=0}
2021-07-13 14:12:30.464  INFO 12103 --- [main] c.e.covidapp.kafka2.VaccineSlotKafka     : Vaccine centre created -> VaccinationSlots{id=221, vaccinecentreid=215, dateNo=1, vaccineNo=212, ageNo=60, doseNo1=0, doseNo2=0}
2021-07-13 14:12:30.504  INFO 12103 --- [main] c.e.covidapp.kafka2.VaccineSlotKafka     : Vaccine centre created -> VaccinationSlots{id=222, vaccinecentreid=215, dateNo=2, vaccineNo=211, ageNo=10, doseNo1=0, doseNo2=0}
2021-07-13 14:12:30.555  INFO 12103 --- [main] c.e.covidapp.kafka2.VaccineSlotKafka     : Vaccine centre created -> VaccinationSlots{id=223, vaccinecentreid=215, dateNo=2, vaccineNo=212, ageNo=10, doseNo1=0, doseNo2=0}
2021-07-13 14:12:30.608  INFO 12103 --- [main] c.e.covidapp.kafka2.VaccineSlotKafka     : Vaccine centre created -> VaccinationSlots{id=224, vaccinecentreid=215, dateNo=2, vaccineNo=211, ageNo=20, doseNo1=0, doseNo2=0}
2021-07-13 14:12:30.654  INFO 12103 --- [main] c.e.covidapp.kafka2.VaccineSlotKafka     : Vaccine centre created -> VaccinationSlots{id=225, vaccinecentreid=215, dateNo=2, vaccineNo=212, ageNo=20, doseNo1=0, doseNo2=0}
2021-07-13 14:12:30.661  INFO 12103 --- [main] c.e.covidapp.kafka2.VaccineSlotKafka     : Vaccine centre created -> VaccinationSlots{id=226, vaccinecentreid=215, dateNo=2, vaccineNo=211, ageNo=60, doseNo1=0, doseNo2=0}
2021-07-13 14:12:30.664  INFO 12103 --- [main] c.e.covidapp.kafka2.VaccineSlotKafka     : Vaccine centre created -> VaccinationSlots{id=227, vaccinecentreid=215, dateNo=2, vaccineNo=212, ageNo=60, doseNo1=0, doseNo2=0}
2021-07-13 14:12:30.665  INFO 12103 --- [main] c.e.c.S.done.VaccinationCentreService    : vaccination slots added on vaccination centre creation
2021-07-13 14:12:30.669  INFO 12103 --- [main] c.e.covidapp.kafka2.VaccineCentreKafka   : Vaccine centre created -> VaccinationCentre{id=215, vaccinationCentreAddress='civil lines', vaccinationCentreCount=0, slotsCountMinor=0, slotsCountYoung=0, slotsCountElder=0, pincode=null, pincodeid=208027, vaccinationSlots=null}
2021-07-13 14:12:30.675  INFO 12103 --- [main] c.e.covidapp.kafka2.VaccineSlotKafka     : Vaccine centre created -> VaccinationSlots{id=229, vaccinecentreid=228, dateNo=1, vaccineNo=211, ageNo=10, doseNo1=0, doseNo2=0}
2021-07-13 14:12:30.678  INFO 12103 --- [main] c.e.covidapp.kafka2.VaccineSlotKafka     : Vaccine centre created -> VaccinationSlots{id=230, vaccinecentreid=228, dateNo=1, vaccineNo=212, ageNo=10, doseNo1=0, doseNo2=0}
2021-07-13 14:12:30.681  INFO 12103 --- [main] c.e.covidapp.kafka2.VaccineSlotKafka     : Vaccine centre created -> VaccinationSlots{id=231, vaccinecentreid=228, dateNo=1, vaccineNo=211, ageNo=20, doseNo1=0, doseNo2=0}
2021-07-13 14:12:30.724  INFO 12103 --- [main] c.e.covidapp.kafka2.VaccineSlotKafka     : Vaccine centre created -> VaccinationSlots{id=232, vaccinecentreid=228, dateNo=1, vaccineNo=212, ageNo=20, doseNo1=0, doseNo2=0}
2021-07-13 14:12:30.763  INFO 12103 --- [main] c.e.covidapp.kafka2.VaccineSlotKafka     : Vaccine centre created -> VaccinationSlots{id=233, vaccinecentreid=228, dateNo=1, vaccineNo=211, ageNo=60, doseNo1=0, doseNo2=0}
2021-07-13 14:12:30.769  INFO 12103 --- [main] c.e.covidapp.kafka2.VaccineSlotKafka     : Vaccine centre created -> VaccinationSlots{id=234, vaccinecentreid=228, dateNo=1, vaccineNo=212, ageNo=60, doseNo1=0, doseNo2=0}
2021-07-13 14:12:30.777  INFO 12103 --- [main] c.e.covidapp.kafka2.VaccineSlotKafka     : Vaccine centre created -> VaccinationSlots{id=235, vaccinecentreid=228, dateNo=2, vaccineNo=211, ageNo=10, doseNo1=0, doseNo2=0}
2021-07-13 14:12:30.781  INFO 12103 --- [main] c.e.covidapp.kafka2.VaccineSlotKafka     : Vaccine centre created -> VaccinationSlots{id=236, vaccinecentreid=228, dateNo=2, vaccineNo=212, ageNo=10, doseNo1=0, doseNo2=0}
2021-07-13 14:12:30.784  INFO 12103 --- [main] c.e.covidapp.kafka2.VaccineSlotKafka     : Vaccine centre created -> VaccinationSlots{id=237, vaccinecentreid=228, dateNo=2, vaccineNo=211, ageNo=20, doseNo1=0, doseNo2=0}
2021-07-13 14:12:30.787  INFO 12103 --- [main] c.e.covidapp.kafka2.VaccineSlotKafka     : Vaccine centre created -> VaccinationSlots{id=238, vaccinecentreid=228, dateNo=2, vaccineNo=212, ageNo=20, doseNo1=0, doseNo2=0}
2021-07-13 14:12:30.792  INFO 12103 --- [main] c.e.covidapp.kafka2.VaccineSlotKafka     : Vaccine centre created -> VaccinationSlots{id=239, vaccinecentreid=228, dateNo=2, vaccineNo=211, ageNo=60, doseNo1=0, doseNo2=0}
2021-07-13 14:12:30.798  INFO 12103 --- [main] c.e.covidapp.kafka2.VaccineSlotKafka     : Vaccine centre created -> VaccinationSlots{id=240, vaccinecentreid=228, dateNo=2, vaccineNo=212, ageNo=60, doseNo1=0, doseNo2=0}
2021-07-13 14:12:30.800  INFO 12103 --- [main] c.e.c.S.done.VaccinationCentreService    : vaccination slots added on vaccination centre creation
2021-07-13 14:12:30.885  INFO 12103 --- [main] o.a.k.clients.producer.ProducerConfig    : ProducerConfig values: 
	acks = 1
	batch.size = 16384
	bootstrap.servers = [localhost:9092]
	buffer.memory = 33554432
	client.dns.lookup = use_all_dns_ips
	client.id = Covid_1991
	compression.type = none
	connections.max.idle.ms = 540000
	delivery.timeout.ms = 120000
	enable.idempotence = false
	interceptor.classes = []
	internal.auto.downgrade.txn.commit = false
	key.serializer = class org.apache.kafka.common.serialization.StringSerializer
	linger.ms = 0
	max.block.ms = 60000
	max.in.flight.requests.per.connection = 5
	max.request.size = 1048576
	metadata.max.age.ms = 300000
	metadata.max.idle.ms = 300000
	metric.reporters = []
	metrics.num.samples = 2
	metrics.recording.level = INFO
	metrics.sample.window.ms = 30000
	partitioner.class = class org.apache.kafka.clients.producer.internals.DefaultPartitioner
	receive.buffer.bytes = 32768
	reconnect.backoff.max.ms = 1000
	reconnect.backoff.ms = 50
	request.timeout.ms = 30000
	retries = 2147483647
	retry.backoff.ms = 100
	sasl.client.callback.handler.class = null
	sasl.jaas.config = null
	sasl.kerberos.kinit.cmd = /usr/bin/kinit
	sasl.kerberos.min.time.before.relogin = 60000
	sasl.kerberos.service.name = null
	sasl.kerberos.ticket.renew.jitter = 0.05
	sasl.kerberos.ticket.renew.window.factor = 0.8
	sasl.login.callback.handler.class = null
	sasl.login.class = null
	sasl.login.refresh.buffer.seconds = 300
	sasl.login.refresh.min.period.seconds = 60
	sasl.login.refresh.window.factor = 0.8
	sasl.login.refresh.window.jitter = 0.05
	sasl.mechanism = GSSAPI
	security.protocol = PLAINTEXT
	security.providers = null
	send.buffer.bytes = 131072
	socket.connection.setup.timeout.max.ms = 127000
	socket.connection.setup.timeout.ms = 10000
	ssl.cipher.suites = null
	ssl.enabled.protocols = [TLSv1.2, TLSv1.3]
	ssl.endpoint.identification.algorithm = https
	ssl.engine.factory.class = null
	ssl.key.password = null
	ssl.keymanager.algorithm = SunX509
	ssl.keystore.certificate.chain = null
	ssl.keystore.key = null
	ssl.keystore.location = null
	ssl.keystore.password = null
	ssl.keystore.type = JKS
	ssl.protocol = TLSv1.3
	ssl.provider = null
	ssl.secure.random.implementation = null
	ssl.trustmanager.algorithm = PKIX
	ssl.truststore.certificates = null
	ssl.truststore.location = null
	ssl.truststore.password = null
	ssl.truststore.type = JKS
	transaction.timeout.ms = 60000
	transactional.id = null
	value.serializer = class org.springframework.kafka.support.serializer.JsonSerializer

2021-07-13 14:12:30.892  INFO 12103 --- [main] o.a.kafka.common.utils.AppInfoParser     : Kafka version: 2.7.1
2021-07-13 14:12:30.892  INFO 12103 --- [main] o.a.kafka.common.utils.AppInfoParser     : Kafka commitId: 61dbce85d0d41457
2021-07-13 14:12:30.892  INFO 12103 --- [main] o.a.kafka.common.utils.AppInfoParser     : Kafka startTimeMs: 1626165750892
2021-07-13 14:12:30.897  INFO 12103 --- [kafka-producer-network-thread | Covid_1991] org.apache.kafka.clients.Metadata        : [Producer clientId=Covid_1991] Cluster ID: AsgI37dLQ0SS07mDLpeGAQ
2021-07-13 14:12:30.927  WARN 12103 --- [main] JpaBaseConfiguration$JpaWebConfiguration : spring.jpa.open-in-view is enabled by default. Therefore, database queries may be performed during view rendering. Explicitly configure spring.jpa.open-in-view to disable this warning
2021-07-13 14:12:31.273  INFO 12103 --- [main] o.s.b.w.embedded.tomcat.TomcatWebServer  : Tomcat started on port(s): 9091 (http) with context path ''
2021-07-13 14:12:31.285  INFO 12103 --- [main] c.example.covidapp.CovidAppApplication   : Started CovidAppApplication in 6.008 seconds (JVM running for 12.196)
2021-07-13 14:32:10.497  WARN 12103 --- [HikariPool-1 housekeeper] com.zaxxer.hikari.pool.HikariPool        : HikariPool-1 - Thread starvation or clock leap detected (housekeeper delta=5m42s904ms).
2021-07-13 14:40:08.233  WARN 12103 --- [HikariPool-1 housekeeper] com.zaxxer.hikari.pool.HikariPool        : HikariPool-1 - Thread starvation or clock leap detected (housekeeper delta=57s90ms).
2021-07-13 15:04:21.082  WARN 12103 --- [HikariPool-1 housekeeper] com.zaxxer.hikari.pool.HikariPool        : HikariPool-1 - Thread starvation or clock leap detected (housekeeper delta=4m12s678ms).
2021-07-13 16:28:21.477  WARN 12103 --- [HikariPool-1 housekeeper] com.zaxxer.hikari.pool.HikariPool        : HikariPool-1 - Thread starvation or clock leap detected (housekeeper delta=1h9m262ms).
2021-07-13 18:12:30.006  WARN 12103 --- [HikariPool-1 housekeeper] com.zaxxer.hikari.pool.HikariPool        : HikariPool-1 - Thread starvation or clock leap detected (housekeeper delta=1h28m8s366ms).
2021-07-13 19:20:03.752  WARN 12103 --- [HikariPool-1 housekeeper] com.zaxxer.hikari.pool.HikariPool        : HikariPool-1 - Thread starvation or clock leap detected (housekeeper delta=1h6m33s420ms).
2021-07-13 19:46:31.789  WARN 12103 --- [HikariPool-1 housekeeper] com.zaxxer.hikari.pool.HikariPool        : HikariPool-1 - Thread starvation or clock leap detected (housekeeper delta=13m27s719ms).
2021-07-13 20:16:31.706  WARN 12103 --- [HikariPool-1 housekeeper] com.zaxxer.hikari.pool.HikariPool        : HikariPool-1 - Thread starvation or clock leap detected (housekeeper delta=59s587ms).
2021-07-13 20:27:02.712  INFO 12103 --- [SpringApplicationShutdownHook] o.a.k.clients.producer.KafkaProducer     : [Producer clientId=Covid_1991-1] Closing the Kafka producer with timeoutMillis = 30000 ms.
2021-07-13 20:27:02.729  INFO 12103 --- [SpringApplicationShutdownHook] org.apache.kafka.common.metrics.Metrics  : Metrics scheduler closed
2021-07-13 20:27:02.730  INFO 12103 --- [SpringApplicationShutdownHook] org.apache.kafka.common.metrics.Metrics  : Closing reporter org.apache.kafka.common.metrics.JmxReporter
2021-07-13 20:27:02.730  INFO 12103 --- [SpringApplicationShutdownHook] org.apache.kafka.common.metrics.Metrics  : Metrics reporters closed
2021-07-13 20:27:02.731  INFO 12103 --- [SpringApplicationShutdownHook] o.a.kafka.common.utils.AppInfoParser     : App info kafka.producer for Covid_1991-1 unregistered
2021-07-13 20:27:02.738  INFO 12103 --- [SpringApplicationShutdownHook] j.LocalContainerEntityManagerFactoryBean : Closing JPA EntityManagerFactory for persistence unit 'default'
2021-07-13 20:27:02.750  INFO 12103 --- [SpringApplicationShutdownHook] com.zaxxer.hikari.HikariDataSource       : HikariPool-1 - Shutdown initiated...
2021-07-13 20:27:02.770  INFO 12103 --- [SpringApplicationShutdownHook] com.zaxxer.hikari.HikariDataSource       : HikariPool-1 - Shutdown completed.
2021-07-13 20:27:17.475  INFO 14210 --- [main] c.example.covidapp.CovidAppApplication   : Starting CovidAppApplication using Java 16.0.1 on Govinds-MacBook-Pro.local with PID 14210 (/Users/govindsinghal/Desktop/R/Covid_App/target/classes started by govindsinghal in /Users/govindsinghal/Desktop/R/Covid_App)
2021-07-13 20:27:17.477  INFO 14210 --- [main] c.example.covidapp.CovidAppApplication   : No active profile set, falling back to default profiles: default
2021-07-13 20:27:18.246  INFO 14210 --- [main] .s.d.r.c.RepositoryConfigurationDelegate : Bootstrapping Spring Data JPA repositories in DEFAULT mode.
2021-07-13 20:27:18.354  INFO 14210 --- [main] .s.d.r.c.RepositoryConfigurationDelegate : Finished Spring Data repository scanning in 92 ms. Found 14 JPA repository interfaces.
2021-07-13 20:27:18.964  INFO 14210 --- [main] o.s.b.w.embedded.tomcat.TomcatWebServer  : Tomcat initialized with port(s): 9091 (http)
2021-07-13 20:27:18.976  INFO 14210 --- [main] o.apache.catalina.core.StandardService   : Starting service [Tomcat]
2021-07-13 20:27:18.977  INFO 14210 --- [main] org.apache.catalina.core.StandardEngine  : Starting Servlet engine: [Apache Tomcat/9.0.46]
2021-07-13 20:27:19.091  INFO 14210 --- [main] o.a.c.c.C.[Tomcat].[localhost].[/]       : Initializing Spring embedded WebApplicationContext
2021-07-13 20:27:19.092  INFO 14210 --- [main] w.s.c.ServletWebServerApplicationContext : Root WebApplicationContext: initialization completed in 1557 ms
2021-07-13 20:27:19.205  INFO 14210 --- [main] com.zaxxer.hikari.HikariDataSource       : HikariPool-1 - Starting...
2021-07-13 20:27:19.558  INFO 14210 --- [main] com.zaxxer.hikari.HikariDataSource       : HikariPool-1 - Start completed.
2021-07-13 20:27:19.710  INFO 14210 --- [main] o.hibernate.jpa.internal.util.LogHelper  : HHH000204: Processing PersistenceUnitInfo [name: default]
2021-07-13 20:27:19.761  INFO 14210 --- [main] org.hibernate.Version                    : HHH000412: Hibernate ORM core version 5.4.32.Final
2021-07-13 20:27:19.914  INFO 14210 --- [main] o.hibernate.annotations.common.Version   : HCANN000001: Hibernate Commons Annotations {5.1.2.Final}
2021-07-13 20:27:20.084  INFO 14210 --- [main] org.hibernate.dialect.Dialect            : HHH000400: Using dialect: org.hibernate.dialect.PostgreSQL10Dialect
2021-07-13 20:27:21.381  INFO 14210 --- [main] o.h.e.t.j.p.i.JtaPlatformInitiator       : HHH000490: Using JtaPlatform implementation: [org.hibernate.engine.transaction.jta.platform.internal.NoJtaPlatform]
2021-07-13 20:27:21.397  INFO 14210 --- [main] j.LocalContainerEntityManagerFactoryBean : Initialized JPA EntityManagerFactory for persistence unit 'default'
2021-07-13 20:27:22.413  WARN 14210 --- [main] o.h.p.entity.AbstractEntityPersister     : HHH000502: The [city] property of the [com.example.covidapp.models.done.Pincode] entity was modified, but it won't be updated because the property is immutable.
2021-07-13 20:27:22.419  WARN 14210 --- [main] o.h.p.entity.AbstractEntityPersister     : HHH000502: The [city] property of the [com.example.covidapp.models.done.Pincode] entity was modified, but it won't be updated because the property is immutable.
2021-07-13 20:27:22.508  INFO 14210 --- [main] o.a.k.clients.producer.ProducerConfig    : ProducerConfig values: 
	acks = 1
	batch.size = 16384
	bootstrap.servers = [localhost:9092]
	buffer.memory = 33554432
	client.dns.lookup = use_all_dns_ips
	client.id = Covid_1991
	compression.type = none
	connections.max.idle.ms = 540000
	delivery.timeout.ms = 120000
	enable.idempotence = false
	interceptor.classes = []
	internal.auto.downgrade.txn.commit = false
	key.serializer = class org.apache.kafka.common.serialization.StringSerializer
	linger.ms = 0
	max.block.ms = 60000
	max.in.flight.requests.per.connection = 5
	max.request.size = 1048576
	metadata.max.age.ms = 300000
	metadata.max.idle.ms = 300000
	metric.reporters = []
	metrics.num.samples = 2
	metrics.recording.level = INFO
	metrics.sample.window.ms = 30000
	partitioner.class = class org.apache.kafka.clients.producer.internals.DefaultPartitioner
	receive.buffer.bytes = 32768
	reconnect.backoff.max.ms = 1000
	reconnect.backoff.ms = 50
	request.timeout.ms = 30000
	retries = 2147483647
	retry.backoff.ms = 100
	sasl.client.callback.handler.class = null
	sasl.jaas.config = null
	sasl.kerberos.kinit.cmd = /usr/bin/kinit
	sasl.kerberos.min.time.before.relogin = 60000
	sasl.kerberos.service.name = null
	sasl.kerberos.ticket.renew.jitter = 0.05
	sasl.kerberos.ticket.renew.window.factor = 0.8
	sasl.login.callback.handler.class = null
	sasl.login.class = null
	sasl.login.refresh.buffer.seconds = 300
	sasl.login.refresh.min.period.seconds = 60
	sasl.login.refresh.window.factor = 0.8
	sasl.login.refresh.window.jitter = 0.05
	sasl.mechanism = GSSAPI
	security.protocol = PLAINTEXT
	security.providers = null
	send.buffer.bytes = 131072
	socket.connection.setup.timeout.max.ms = 127000
	socket.connection.setup.timeout.ms = 10000
	ssl.cipher.suites = null
	ssl.enabled.protocols = [TLSv1.2, TLSv1.3]
	ssl.endpoint.identification.algorithm = https
	ssl.engine.factory.class = null
	ssl.key.password = null
	ssl.keymanager.algorithm = SunX509
	ssl.keystore.certificate.chain = null
	ssl.keystore.key = null
	ssl.keystore.location = null
	ssl.keystore.password = null
	ssl.keystore.type = JKS
	ssl.protocol = TLSv1.3
	ssl.provider = null
	ssl.secure.random.implementation = null
	ssl.trustmanager.algorithm = PKIX
	ssl.truststore.certificates = null
	ssl.truststore.location = null
	ssl.truststore.password = null
	ssl.truststore.type = JKS
	transaction.timeout.ms = 60000
	transactional.id = null
	value.serializer = class org.springframework.kafka.support.serializer.JsonSerializer

2021-07-13 20:27:22.606  INFO 14210 --- [main] o.a.kafka.common.utils.AppInfoParser     : Kafka version: 2.7.1
2021-07-13 20:27:22.607  INFO 14210 --- [main] o.a.kafka.common.utils.AppInfoParser     : Kafka commitId: 61dbce85d0d41457
2021-07-13 20:27:22.609  INFO 14210 --- [main] o.a.kafka.common.utils.AppInfoParser     : Kafka startTimeMs: 1626188242603
2021-07-13 20:27:22.686  WARN 14210 --- [main] JpaBaseConfiguration$JpaWebConfiguration : spring.jpa.open-in-view is enabled by default. Therefore, database queries may be performed during view rendering. Explicitly configure spring.jpa.open-in-view to disable this warning
2021-07-13 20:27:23.006  INFO 14210 --- [kafka-producer-network-thread | Covid_1991] org.apache.kafka.clients.Metadata        : [Producer clientId=Covid_1991] Cluster ID: AsgI37dLQ0SS07mDLpeGAQ
2021-07-13 20:27:23.109  INFO 14210 --- [main] o.s.b.w.embedded.tomcat.TomcatWebServer  : Tomcat started on port(s): 9091 (http) with context path ''
2021-07-13 20:27:23.121  INFO 14210 --- [main] c.example.covidapp.CovidAppApplication   : Started CovidAppApplication in 6.09 seconds (JVM running for 12.019)
2021-07-13 20:27:49.177  INFO 14210 --- [http-nio-9091-exec-3] o.a.c.c.C.[Tomcat].[localhost].[/]       : Initializing Spring DispatcherServlet 'dispatcherServlet'
2021-07-13 20:27:49.178  INFO 14210 --- [http-nio-9091-exec-3] o.s.web.servlet.DispatcherServlet        : Initializing Servlet 'dispatcherServlet'
2021-07-13 20:27:49.179  INFO 14210 --- [http-nio-9091-exec-3] o.s.web.servlet.DispatcherServlet        : Completed initialization in 1 ms
2021-07-13 20:27:49.360  INFO 14210 --- [http-nio-9091-exec-3] c.e.c.Controllers.done.CityController    : [ city: City(id=0, cityName=aaafjfa, cityCount=0, slotsCountMinor=0, slotsCountYoung=0, slotsCountElder=0, state=null, stateid=1, pincodes=null) and token: B9qRzaZhKA ]
2021-07-13 20:27:49.423 ERROR 14210 --- [http-nio-9091-exec-3] c.e.c.Services.done.AdminTokenService    : No entry found with this token :B9qRzaZhKA
2021-07-13 20:27:49.423 ERROR 14210 --- [http-nio-9091-exec-3] c.e.c.Controllers.done.CityController    : Not Authenticated
2021-07-13 20:28:20.029  INFO 14210 --- [http-nio-9091-exec-2] c.e.c.C.d.VaccinationCentreController    : [ Vaccination Centre { VaccinationCentre{id=0, vaccinationCentreAddress='', vaccinationCentreCount=0, slotsCountMinor=0, slotsCountYoung=0, slotsCountElder=0, pincode=null, pincodeid=-1, vaccinationSlots=null} }+ and token :B9qRzaZhKA ]
2021-07-13 20:28:20.037 ERROR 14210 --- [http-nio-9091-exec-2] c.e.c.Services.done.AdminTokenService    : No entry found with this token :B9qRzaZhKA
2021-07-13 20:28:20.037 ERROR 14210 --- [http-nio-9091-exec-2] c.e.c.C.d.VaccinationCentreController    : Not Authenticated
